<?xml version="1.0" encoding="UTF-8"?>
<testng-results skipped="0" failed="0" ignored="0" total="1" passed="1">
  <reporter-output>
  </reporter-output>
  <suite name="Regression" duration-ms="92164" started-at="2018-10-07T05:46:44Z" finished-at="2018-10-07T05:48:16Z">
    <groups>
      <group name="cucumber">
        <method signature="AbstractTestNGCucumberTests.feature(cucumber.api.testng.CucumberFeatureWrapper)[pri:0, instance:runner.RunTest@26aa12dd]" name="feature" class="cucumber.api.testng.AbstractTestNGCucumberTests"/>
      </group> <!-- cucumber -->
    </groups>
    <test name="Window" duration-ms="92164" started-at="2018-10-07T05:46:44Z" finished-at="2018-10-07T05:48:16Z">
      <class name="runner.RunTest">
        <test-method status="PASS" signature="setUpClass()[pri:0, instance:runner.RunTest@26aa12dd]" name="setUpClass" is-config="true" duration-ms="1672" started-at="2018-10-07T11:16:44Z" finished-at="2018-10-07T11:16:46Z">
          <reporter-output>
          </reporter-output>
        </test-method> <!-- setUpClass -->
        <test-method status="PASS" signature="feature(cucumber.api.testng.CucumberFeatureWrapper)[pri:0, instance:runner.RunTest@26aa12dd]" name="feature" duration-ms="88495" started-at="2018-10-07T11:16:46Z" description="Runs Cucumber Feature" data-provider="features" finished-at="2018-10-07T11:18:15Z">
          <params>
            <param index="0">
              <value>
                <![CDATA[Sign Up for Transaction Generator]]>
              </value>
            </param>
          </params>
          <reporter-output>
          </reporter-output>
        </test-method> <!-- feature -->
        <test-method status="PASS" signature="tearDownClass()[pri:0, instance:runner.RunTest@26aa12dd]" name="tearDownClass" is-config="true" duration-ms="1527" started-at="2018-10-07T11:18:15Z" finished-at="2018-10-07T11:18:16Z">
          <reporter-output>
          </reporter-output>
        </test-method> <!-- tearDownClass -->
      </class> <!-- runner.RunTest -->
    </test> <!-- Window -->
  </suite> <!-- Regression -->
</testng-results>
